{"C:\\Users\\capta\\Desktop\\user_service\\user_service\\src\\app.ts": {"path":"C:\\Users\\capta\\Desktop\\user_service\\user_service\\src\\app.ts","statementMap":{"0":{"start":{"line":17,"column":0},"end":{"line":17,"column":22}},"1":{"start":{"line":2,"column":0},"end":{"line":2,"column":30}},"2":{"start":{"line":3,"column":0},"end":{"line":3,"column":28}},"3":{"start":{"line":4,"column":0},"end":{"line":4,"column":36}},"4":{"start":{"line":5,"column":0},"end":{"line":5,"column":75}},"5":{"start":{"line":6,"column":0},"end":{"line":6,"column":53}},"6":{"start":{"line":7,"column":0},"end":{"line":7,"column":62}},"7":{"start":{"line":8,"column":0},"end":{"line":8,"column":49}},"8":{"start":{"line":9,"column":0},"end":{"line":9,"column":52}},"9":{"start":{"line":12,"column":0},"end":{"line":12,"column":43}},"10":{"start":{"line":13,"column":0},"end":{"line":13,"column":41}},"11":{"start":{"line":15,"column":0},"end":{"line":15,"column":16}},"12":{"start":{"line":18,"column":2},"end":{"line":18,"column":26}},"13":{"start":{"line":20,"column":19},"end":{"line":20,"column":45}},"14":{"start":{"line":21,"column":22},"end":{"line":21,"column":47}},"15":{"start":{"line":22,"column":25},"end":{"line":22,"column":56}},"16":{"start":{"line":24,"column":14},"end":{"line":24,"column":23}},"17":{"start":{"line":25,"column":2},"end":{"line":25,"column":26}},"18":{"start":{"line":28,"column":28},"end":{"line":36,"column":4}},"19":{"start":{"line":37,"column":18},"end":{"line":40,"column":4}},"20":{"start":{"line":41,"column":22},"end":{"line":41,"column":43}},"21":{"start":{"line":42,"column":2},"end":{"line":42,"column":66}},"22":{"start":{"line":45,"column":2},"end":{"line":45,"column":48}},"23":{"start":{"line":46,"column":2},"end":{"line":46,"column":24}},"24":{"start":{"line":48,"column":2},"end":{"line":48,"column":13}}},"fnMap":{"0":{"name":"createApp","decl":{"start":{"line":17,"column":22},"end":{"line":17,"column":31}},"loc":{"start":{"line":17,"column":31},"end":{"line":49,"column":null}}}},"branchMap":{"0":{"loc":{"start":{"line":35,"column":41},"end":{"line":35,"column":65}},"type":"binary-expr","locations":[{"start":{"line":35,"column":41},"end":{"line":35,"column":57}},{"start":{"line":35,"column":61},"end":{"line":35,"column":65}}]}},"s":{"0":1,"1":1,"2":1,"3":1,"4":1,"5":1,"6":1,"7":1,"8":1,"9":1,"10":1,"11":1,"12":1,"13":1,"14":1,"15":1,"16":1,"17":1,"18":1,"19":1,"20":1,"21":1,"22":1,"23":1,"24":1},"f":{"0":1},"b":{"0":[1,1]}}
,"C:\\Users\\capta\\Desktop\\user_service\\user_service\\src\\prismaClient.ts": {"path":"C:\\Users\\capta\\Desktop\\user_service\\user_service\\src\\prismaClient.ts","statementMap":{"0":{"start":{"line":1,"column":0},"end":{"line":1,"column":46}},"1":{"start":{"line":3,"column":15},"end":{"line":3,"column":33}},"2":{"start":{"line":5,"column":0},"end":{"line":5,"column":22}}},"fnMap":{},"branchMap":{},"s":{"0":1,"1":1,"2":1},"f":{},"b":{}}
,"C:\\Users\\capta\\Desktop\\user_service\\user_service\\src\\controllers\\UserController.ts": {"path":"C:\\Users\\capta\\Desktop\\user_service\\user_service\\src\\controllers\\UserController.ts","statementMap":{"0":{"start":{"line":5,"column":24},"end":{"line":5,"column":49}},"1":{"start":{"line":8,"column":4},"end":{"line":15,"column":6}},"2":{"start":{"line":8,"column":73},"end":{"line":15,"column":6}},"3":{"start":{"line":9,"column":8},"end":{"line":14,"column":9}},"4":{"start":{"line":10,"column":25},"end":{"line":10,"column":66}},"5":{"start":{"line":11,"column":12},"end":{"line":11,"column":39}},"6":{"start":{"line":13,"column":12},"end":{"line":13,"column":22}},"7":{"start":{"line":18,"column":4},"end":{"line":28,"column":6}},"8":{"start":{"line":18,"column":70},"end":{"line":28,"column":6}},"9":{"start":{"line":19,"column":8},"end":{"line":27,"column":9}},"10":{"start":{"line":20,"column":26},"end":{"line":22,"column":null}},"11":{"start":{"line":24,"column":12},"end":{"line":24,"column":32}},"12":{"start":{"line":26,"column":12},"end":{"line":26,"column":22}},"13":{"start":{"line":31,"column":4},"end":{"line":43,"column":6}},"14":{"start":{"line":31,"column":72},"end":{"line":43,"column":6}},"15":{"start":{"line":32,"column":8},"end":{"line":42,"column":9}},"16":{"start":{"line":34,"column":43},"end":{"line":34,"column":77}},"17":{"start":{"line":35,"column":25},"end":{"line":37,"column":null}},"18":{"start":{"line":39,"column":12},"end":{"line":39,"column":27}},"19":{"start":{"line":41,"column":12},"end":{"line":41,"column":22}},"20":{"start":{"line":46,"column":4},"end":{"line":54,"column":6}},"21":{"start":{"line":46,"column":72},"end":{"line":54,"column":6}},"22":{"start":{"line":47,"column":8},"end":{"line":53,"column":9}},"23":{"start":{"line":48,"column":43},"end":{"line":48,"column":77}},"24":{"start":{"line":49,"column":26},"end":{"line":49,"column":71}},"25":{"start":{"line":50,"column":12},"end":{"line":50,"column":28}},"26":{"start":{"line":52,"column":12},"end":{"line":52,"column":22}},"27":{"start":{"line":57,"column":4},"end":{"line":65,"column":6}},"28":{"start":{"line":57,"column":70},"end":{"line":65,"column":6}},"29":{"start":{"line":58,"column":8},"end":{"line":64,"column":9}},"30":{"start":{"line":59,"column":43},"end":{"line":59,"column":77}},"31":{"start":{"line":60,"column":12},"end":{"line":60,"column":71}},"32":{"start":{"line":61,"column":12},"end":{"line":61,"column":32}},"33":{"start":{"line":63,"column":12},"end":{"line":63,"column":22}},"34":{"start":{"line":4,"column":0},"end":{"line":4,"column":13}}},"fnMap":{"0":{"name":"(anonymous_7)","decl":{"start":{"line":5,"column":4},"end":{"line":5,"column":24}},"loc":{"start":{"line":5,"column":49},"end":{"line":5,"column":54}}},"1":{"name":"(anonymous_8)","decl":{"start":{"line":8,"column":15},"end":{"line":8,"column":22}},"loc":{"start":{"line":8,"column":73},"end":{"line":15,"column":6}}},"2":{"name":"(anonymous_9)","decl":{"start":{"line":8,"column":73},"end":{"line":8,"column":null}},"loc":{"start":{"line":8,"column":73},"end":{"line":15,"column":5}}},"3":{"name":"(anonymous_10)","decl":{"start":{"line":18,"column":12},"end":{"line":18,"column":19}},"loc":{"start":{"line":18,"column":70},"end":{"line":28,"column":6}}},"4":{"name":"(anonymous_11)","decl":{"start":{"line":18,"column":70},"end":{"line":18,"column":null}},"loc":{"start":{"line":18,"column":70},"end":{"line":28,"column":5}}},"5":{"name":"(anonymous_12)","decl":{"start":{"line":31,"column":14},"end":{"line":31,"column":21}},"loc":{"start":{"line":31,"column":72},"end":{"line":43,"column":6}}},"6":{"name":"(anonymous_13)","decl":{"start":{"line":31,"column":72},"end":{"line":31,"column":null}},"loc":{"start":{"line":31,"column":72},"end":{"line":43,"column":5}}},"7":{"name":"(anonymous_14)","decl":{"start":{"line":46,"column":14},"end":{"line":46,"column":21}},"loc":{"start":{"line":46,"column":72},"end":{"line":54,"column":6}}},"8":{"name":"(anonymous_15)","decl":{"start":{"line":46,"column":72},"end":{"line":46,"column":null}},"loc":{"start":{"line":46,"column":72},"end":{"line":54,"column":5}}},"9":{"name":"(anonymous_16)","decl":{"start":{"line":57,"column":12},"end":{"line":57,"column":19}},"loc":{"start":{"line":57,"column":70},"end":{"line":65,"column":6}}},"10":{"name":"(anonymous_17)","decl":{"start":{"line":57,"column":70},"end":{"line":57,"column":null}},"loc":{"start":{"line":57,"column":70},"end":{"line":65,"column":5}}}},"branchMap":{},"s":{"0":1,"1":1,"2":1,"3":1,"4":1,"5":1,"6":0,"7":1,"8":2,"9":2,"10":2,"11":1,"12":1,"13":1,"14":1,"15":1,"16":1,"17":1,"18":1,"19":0,"20":1,"21":0,"22":0,"23":0,"24":0,"25":0,"26":0,"27":1,"28":1,"29":1,"30":1,"31":1,"32":1,"33":0,"34":1},"f":{"0":1,"1":1,"2":1,"3":2,"4":2,"5":1,"6":1,"7":0,"8":0,"9":1,"10":1},"b":{}}
,"C:\\Users\\capta\\Desktop\\user_service\\user_service\\src\\dto\\LoginDto.ts": {"path":"C:\\Users\\capta\\Desktop\\user_service\\user_service\\src\\dto\\LoginDto.ts","statementMap":{"0":{"start":{"line":1,"column":0},"end":{"line":1,"column":53}},"1":{"start":{"line":3,"column":0},"end":{"line":3,"column":13}},"2":{"start":{"line":5,"column":2},"end":{"line":5,"column":null}},"3":{"start":{"line":8,"column":2},"end":{"line":8,"column":null}}},"fnMap":{},"branchMap":{},"s":{"0":1,"1":1,"2":1,"3":1},"f":{},"b":{}}
,"C:\\Users\\capta\\Desktop\\user_service\\user_service\\src\\dto\\RegisterDto.ts": {"path":"C:\\Users\\capta\\Desktop\\user_service\\user_service\\src\\dto\\RegisterDto.ts","statementMap":{"0":{"start":{"line":2,"column":0},"end":{"line":2,"column":99}},"1":{"start":{"line":3,"column":0},"end":{"line":3,"column":44}},"2":{"start":{"line":5,"column":0},"end":{"line":5,"column":13}},"3":{"start":{"line":7,"column":2},"end":{"line":7,"column":null}},"4":{"start":{"line":10,"column":2},"end":{"line":10,"column":null}},"5":{"start":{"line":13,"column":2},"end":{"line":13,"column":null}},"6":{"start":{"line":16,"column":2},"end":{"line":16,"column":null}},"7":{"start":{"line":20,"column":2},"end":{"line":20,"column":null}}},"fnMap":{},"branchMap":{},"s":{"0":1,"1":1,"2":1,"3":1,"4":1,"5":1,"6":1,"7":1},"f":{},"b":{}}
,"C:\\Users\\capta\\Desktop\\user_service\\user_service\\src\\entities\\User.ts": {"path":"C:\\Users\\capta\\Desktop\\user_service\\user_service\\src\\entities\\User.ts","statementMap":{"0":{"start":{"line":3,"column":0},"end":{"line":3,"column":null}},"1":{"start":{"line":4,"column":4},"end":{"line":4,"column":null}},"2":{"start":{"line":5,"column":4},"end":{"line":5,"column":null}},"3":{"start":{"line":8,"column":0},"end":{"line":8,"column":null}},"4":{"start":{"line":9,"column":4},"end":{"line":9,"column":null}},"5":{"start":{"line":10,"column":4},"end":{"line":10,"column":null}}},"fnMap":{"0":{"name":"(anonymous_0)","decl":{"start":{"line":3,"column":0},"end":{"line":3,"column":12}},"loc":{"start":{"line":3,"column":20},"end":{"line":6,"column":1}}},"1":{"name":"(anonymous_1)","decl":{"start":{"line":8,"column":0},"end":{"line":8,"column":12}},"loc":{"start":{"line":8,"column":22},"end":{"line":11,"column":1}}}},"branchMap":{"0":{"loc":{"start":{"line":3,"column":12},"end":{"line":3,"column":null}},"type":"binary-expr","locations":[{"start":{"line":3,"column":12},"end":{"line":3,"column":20}},{"start":{"line":3,"column":20},"end":{"line":3,"column":null}}]},"1":{"loc":{"start":{"line":8,"column":12},"end":{"line":8,"column":null}},"type":"binary-expr","locations":[{"start":{"line":8,"column":12},"end":{"line":8,"column":22}},{"start":{"line":8,"column":22},"end":{"line":8,"column":null}}]}},"s":{"0":2,"1":2,"2":2,"3":2,"4":2,"5":2},"f":{"0":2,"1":2},"b":{"0":[2,2],"1":[2,2]}}
,"C:\\Users\\capta\\Desktop\\user_service\\user_service\\src\\middlewares\\adminMiddleware.ts": {"path":"C:\\Users\\capta\\Desktop\\user_service\\user_service\\src\\middlewares\\adminMiddleware.ts","statementMap":{"0":{"start":{"line":4,"column":0},"end":{"line":4,"column":16}},"1":{"start":{"line":6,"column":15},"end":{"line":6,"column":62}},"2":{"start":{"line":7,"column":2},"end":{"line":9,"column":3}},"3":{"start":{"line":8,"column":4},"end":{"line":8,"column":70}},"4":{"start":{"line":10,"column":2},"end":{"line":10,"column":9}}},"fnMap":{"0":{"name":"adminMiddleware","decl":{"start":{"line":4,"column":16},"end":{"line":4,"column":31}},"loc":{"start":{"line":4,"column":79},"end":{"line":11,"column":1}}}},"branchMap":{"0":{"loc":{"start":{"line":7,"column":2},"end":{"line":9,"column":3}},"type":"if","locations":[{"start":{"line":7,"column":2},"end":{"line":9,"column":3}}]},"1":{"loc":{"start":{"line":7,"column":6},"end":{"line":7,"column":36}},"type":"binary-expr","locations":[{"start":{"line":7,"column":6},"end":{"line":7,"column":11}},{"start":{"line":7,"column":15},"end":{"line":7,"column":36}}]}},"s":{"0":1,"1":0,"2":0,"3":0,"4":0},"f":{"0":0},"b":{"0":[0],"1":[0,0]}}
,"C:\\Users\\capta\\Desktop\\user_service\\user_service\\src\\middlewares\\authMiddleware.ts": {"path":"C:\\Users\\capta\\Desktop\\user_service\\user_service\\src\\middlewares\\authMiddleware.ts","statementMap":{"0":{"start":{"line":5,"column":0},"end":{"line":5,"column":16}},"1":{"start":{"line":3,"column":0},"end":{"line":3,"column":31}},"2":{"start":{"line":6,"column":21},"end":{"line":6,"column":46}},"3":{"start":{"line":7,"column":2},"end":{"line":9,"column":3}},"4":{"start":{"line":8,"column":4},"end":{"line":8,"column":66}},"5":{"start":{"line":10,"column":16},"end":{"line":10,"column":37}},"6":{"start":{"line":11,"column":2},"end":{"line":13,"column":3}},"7":{"start":{"line":12,"column":4},"end":{"line":12,"column":60}},"8":{"start":{"line":15,"column":16},"end":{"line":15,"column":24}},"9":{"start":{"line":16,"column":2},"end":{"line":23,"column":3}},"10":{"start":{"line":17,"column":20},"end":{"line":17,"column":69}},"11":{"start":{"line":19,"column":4},"end":{"line":19,"column":62}},"12":{"start":{"line":20,"column":4},"end":{"line":20,"column":11}},"13":{"start":{"line":22,"column":4},"end":{"line":22,"column":62}}},"fnMap":{"0":{"name":"authMiddleware","decl":{"start":{"line":5,"column":16},"end":{"line":5,"column":30}},"loc":{"start":{"line":5,"column":78},"end":{"line":24,"column":1}}}},"branchMap":{"0":{"loc":{"start":{"line":7,"column":2},"end":{"line":9,"column":3}},"type":"if","locations":[{"start":{"line":7,"column":2},"end":{"line":9,"column":3}}]},"1":{"loc":{"start":{"line":11,"column":2},"end":{"line":13,"column":3}},"type":"if","locations":[{"start":{"line":11,"column":2},"end":{"line":13,"column":3}}]},"2":{"loc":{"start":{"line":11,"column":6},"end":{"line":11,"column":49}},"type":"binary-expr","locations":[{"start":{"line":11,"column":6},"end":{"line":11,"column":24}},{"start":{"line":11,"column":28},"end":{"line":11,"column":49}}]}},"s":{"0":1,"1":1,"2":2,"3":2,"4":0,"5":2,"6":2,"7":0,"8":2,"9":2,"10":2,"11":2,"12":2,"13":0},"f":{"0":2},"b":{"0":[0],"1":[0],"2":[2,2]}}
,"C:\\Users\\capta\\Desktop\\user_service\\user_service\\src\\middlewares\\validate.ts": {"path":"C:\\Users\\capta\\Desktop\\user_service\\user_service\\src\\middlewares\\validate.ts","statementMap":{"0":{"start":{"line":9,"column":0},"end":{"line":9,"column":16}},"1":{"start":{"line":1,"column":0},"end":{"line":1,"column":52}},"2":{"start":{"line":2,"column":0},"end":{"line":2,"column":60}},"3":{"start":{"line":10,"column":2},"end":{"line":31,"column":4}},"4":{"start":{"line":10,"column":67},"end":{"line":31,"column":4}},"5":{"start":{"line":12,"column":18},"end":{"line":12,"column":53}},"6":{"start":{"line":14,"column":38},"end":{"line":18,"column":6}},"7":{"start":{"line":20,"column":4},"end":{"line":26,"column":5}},"8":{"start":{"line":22,"column":23},"end":{"line":24,"column":19}},"9":{"start":{"line":23,"column":20},"end":{"line":23,"column":67}},"10":{"start":{"line":25,"column":6},"end":{"line":25,"column":57}},"11":{"start":{"line":29,"column":4},"end":{"line":29,"column":21}},"12":{"start":{"line":30,"column":4},"end":{"line":30,"column":11}}},"fnMap":{"0":{"name":"validateDto","decl":{"start":{"line":9,"column":16},"end":{"line":9,"column":27}},"loc":{"start":{"line":9,"column":41},"end":{"line":32,"column":1}}},"1":{"name":"(anonymous_8)","decl":{"start":{"line":10,"column":9},"end":{"line":10,"column":16}},"loc":{"start":{"line":10,"column":67},"end":{"line":31,"column":4}}},"2":{"name":"(anonymous_9)","decl":{"start":{"line":10,"column":67},"end":{"line":10,"column":null}},"loc":{"start":{"line":10,"column":67},"end":{"line":31,"column":3}}},"3":{"name":"(anonymous_10)","decl":{"start":{"line":23,"column":13},"end":{"line":23,"column":16}},"loc":{"start":{"line":23,"column":20},"end":{"line":23,"column":67}}}},"branchMap":{"0":{"loc":{"start":{"line":20,"column":4},"end":{"line":26,"column":5}},"type":"if","locations":[{"start":{"line":20,"column":4},"end":{"line":26,"column":5}}]},"1":{"loc":{"start":{"line":23,"column":34},"end":{"line":23,"column":55}},"type":"binary-expr","locations":[{"start":{"line":23,"column":34},"end":{"line":23,"column":49}},{"start":{"line":23,"column":53},"end":{"line":23,"column":55}}]}},"s":{"0":1,"1":1,"2":1,"3":2,"4":3,"5":3,"6":3,"7":3,"8":0,"9":0,"10":0,"11":3,"12":3},"f":{"0":2,"1":3,"2":3,"3":0},"b":{"0":[0],"1":[0,0]}}
,"C:\\Users\\capta\\Desktop\\user_service\\user_service\\src\\repositories\\PrismaUserRepository.ts": {"path":"C:\\Users\\capta\\Desktop\\user_service\\user_service\\src\\repositories\\PrismaUserRepository.ts","statementMap":{"0":{"start":{"line":1,"column":0},"end":{"line":1,"column":37}},"1":{"start":{"line":15,"column":4},"end":{"line":24,"column":7}},"2":{"start":{"line":28,"column":4},"end":{"line":28,"column":56}},"3":{"start":{"line":32,"column":4},"end":{"line":32,"column":53}},"4":{"start":{"line":36,"column":4},"end":{"line":36,"column":34}},"5":{"start":{"line":40,"column":4},"end":{"line":40,"column":66}},"6":{"start":{"line":6,"column":0},"end":{"line":6,"column":13}}},"fnMap":{"0":{"name":"(anonymous_8)","decl":{"start":{"line":7,"column":8},"end":{"line":7,"column":14}},"loc":{"start":{"line":14,"column":3},"end":{"line":25,"column":null}}},"1":{"name":"(anonymous_10)","decl":{"start":{"line":27,"column":8},"end":{"line":27,"column":19}},"loc":{"start":{"line":27,"column":33},"end":{"line":29,"column":null}}},"2":{"name":"(anonymous_12)","decl":{"start":{"line":31,"column":8},"end":{"line":31,"column":16}},"loc":{"start":{"line":31,"column":27},"end":{"line":33,"column":null}}},"3":{"name":"(anonymous_14)","decl":{"start":{"line":35,"column":8},"end":{"line":35,"column":15}},"loc":{"start":{"line":35,"column":15},"end":{"line":37,"column":null}}},"4":{"name":"(anonymous_16)","decl":{"start":{"line":39,"column":8},"end":{"line":39,"column":20}},"loc":{"start":{"line":39,"column":51},"end":{"line":41,"column":null}}}},"branchMap":{},"s":{"0":1,"1":1,"2":3,"3":3,"4":0,"5":1,"6":1},"f":{"0":1,"1":3,"2":3,"3":0,"4":1},"b":{}}
,"C:\\Users\\capta\\Desktop\\user_service\\user_service\\src\\routes\\userRoutes.ts": {"path":"C:\\Users\\capta\\Desktop\\user_service\\user_service\\src\\routes\\userRoutes.ts","statementMap":{"0":{"start":{"line":54,"column":0},"end":{"line":54,"column":16}},"1":{"start":{"line":2,"column":0},"end":{"line":2,"column":33}},"2":{"start":{"line":4,"column":0},"end":{"line":4,"column":63}},"3":{"start":{"line":5,"column":0},"end":{"line":5,"column":65}},"4":{"start":{"line":6,"column":0},"end":{"line":6,"column":54}},"5":{"start":{"line":7,"column":0},"end":{"line":7,"column":49}},"6":{"start":{"line":8,"column":0},"end":{"line":8,"column":43}},"7":{"start":{"line":55,"column":17},"end":{"line":55,"column":25}},"8":{"start":{"line":76,"column":2},"end":{"line":76,"column":74}},"9":{"start":{"line":107,"column":2},"end":{"line":107,"column":65}},"10":{"start":{"line":135,"column":2},"end":{"line":135,"column":57}},"11":{"start":{"line":154,"column":2},"end":{"line":154,"column":71}},"12":{"start":{"line":180,"column":2},"end":{"line":180,"column":63}},"13":{"start":{"line":182,"column":2},"end":{"line":182,"column":16}}},"fnMap":{"0":{"name":"userRouter","decl":{"start":{"line":54,"column":16},"end":{"line":54,"column":26}},"loc":{"start":{"line":54,"column":53},"end":{"line":183,"column":1}}}},"branchMap":{},"s":{"0":1,"1":1,"2":1,"3":1,"4":1,"5":1,"6":1,"7":1,"8":1,"9":1,"10":1,"11":1,"12":1,"13":1},"f":{"0":1},"b":{}}
,"C:\\Users\\capta\\Desktop\\user_service\\user_service\\src\\services\\UserService.ts": {"path":"C:\\Users\\capta\\Desktop\\user_service\\user_service\\src\\services\\UserService.ts","statementMap":{"0":{"start":{"line":3,"column":0},"end":{"line":3,"column":56}},"1":{"start":{"line":4,"column":0},"end":{"line":4,"column":30}},"2":{"start":{"line":5,"column":0},"end":{"line":5,"column":31}},"3":{"start":{"line":9,"column":22},"end":{"line":9,"column":47}},"4":{"start":{"line":12,"column":21},"end":{"line":12,"column":64}},"5":{"start":{"line":13,"column":4},"end":{"line":15,"column":5}},"6":{"start":{"line":14,"column":6},"end":{"line":14,"column":46}},"7":{"start":{"line":17,"column":25},"end":{"line":17,"column":49}},"8":{"start":{"line":18,"column":4},"end":{"line":20,"column":5}},"9":{"start":{"line":19,"column":6},"end":{"line":19,"column":82}},"10":{"start":{"line":22,"column":17},"end":{"line":22,"column":53}},"11":{"start":{"line":23,"column":17},"end":{"line":30,"column":6}},"12":{"start":{"line":31,"column":4},"end":{"line":31,"column":16}},"13":{"start":{"line":35,"column":17},"end":{"line":35,"column":55}},"14":{"start":{"line":36,"column":4},"end":{"line":38,"column":5}},"15":{"start":{"line":37,"column":6},"end":{"line":37,"column":45}},"16":{"start":{"line":40,"column":4},"end":{"line":44,"column":5}},"17":{"start":{"line":41,"column":18},"end":{"line":41,"column":46}},"18":{"start":{"line":42,"column":7},"end":{"line":42,"column":32}},"19":{"start":{"line":43,"column":6},"end":{"line":43,"column":16}},"20":{"start":{"line":45,"column":18},"end":{"line":45,"column":67}},"21":{"start":{"line":46,"column":4},"end":{"line":48,"column":5}},"22":{"start":{"line":47,"column":6},"end":{"line":47,"column":45}},"23":{"start":{"line":49,"column":4},"end":{"line":53,"column":6}},"24":{"start":{"line":58,"column":22},"end":{"line":58,"column":63}},"25":{"start":{"line":59,"column":4},"end":{"line":59,"column":52}},"26":{"start":{"line":59,"column":20},"end":{"line":59,"column":52}},"27":{"start":{"line":60,"column":4},"end":{"line":62,"column":5}},"28":{"start":{"line":61,"column":6},"end":{"line":61,"column":35}},"29":{"start":{"line":63,"column":17},"end":{"line":63,"column":55}},"30":{"start":{"line":64,"column":4},"end":{"line":64,"column":49}},"31":{"start":{"line":64,"column":15},"end":{"line":64,"column":49}},"32":{"start":{"line":65,"column":4},"end":{"line":65,"column":16}},"33":{"start":{"line":69,"column":22},"end":{"line":69,"column":63}},"34":{"start":{"line":70,"column":4},"end":{"line":72,"column":5}},"35":{"start":{"line":71,"column":6},"end":{"line":71,"column":35}},"36":{"start":{"line":73,"column":4},"end":{"line":73,"column":35}},"37":{"start":{"line":77,"column":22},"end":{"line":77,"column":63}},"38":{"start":{"line":78,"column":4},"end":{"line":78,"column":52}},"39":{"start":{"line":78,"column":20},"end":{"line":78,"column":52}},"40":{"start":{"line":79,"column":4},"end":{"line":81,"column":5}},"41":{"start":{"line":80,"column":6},"end":{"line":80,"column":35}},"42":{"start":{"line":82,"column":4},"end":{"line":82,"column":67}},"43":{"start":{"line":8,"column":0},"end":{"line":8,"column":13}}},"fnMap":{"0":{"name":"(anonymous_8)","decl":{"start":{"line":9,"column":2},"end":{"line":9,"column":22}},"loc":{"start":{"line":9,"column":47},"end":{"line":9,"column":51}}},"1":{"name":"(anonymous_9)","decl":{"start":{"line":11,"column":8},"end":{"line":11,"column":16}},"loc":{"start":{"line":11,"column":34},"end":{"line":32,"column":null}}},"2":{"name":"(anonymous_11)","decl":{"start":{"line":34,"column":8},"end":{"line":34,"column":20}},"loc":{"start":{"line":34,"column":52},"end":{"line":54,"column":null}}},"3":{"name":"(anonymous_13)","decl":{"start":{"line":57,"column":8},"end":{"line":57,"column":15}},"loc":{"start":{"line":57,"column":53},"end":{"line":66,"column":null}}},"4":{"name":"(anonymous_15)","decl":{"start":{"line":68,"column":8},"end":{"line":68,"column":15}},"loc":{"start":{"line":68,"column":35},"end":{"line":74,"column":null}}},"5":{"name":"(anonymous_17)","decl":{"start":{"line":76,"column":8},"end":{"line":76,"column":13}},"loc":{"start":{"line":76,"column":51},"end":{"line":83,"column":null}}}},"branchMap":{"0":{"loc":{"start":{"line":13,"column":4},"end":{"line":15,"column":5}},"type":"if","locations":[{"start":{"line":13,"column":4},"end":{"line":15,"column":5}}]},"1":{"loc":{"start":{"line":18,"column":4},"end":{"line":20,"column":5}},"type":"if","locations":[{"start":{"line":18,"column":4},"end":{"line":20,"column":5}}]},"2":{"loc":{"start":{"line":36,"column":4},"end":{"line":38,"column":5}},"type":"if","locations":[{"start":{"line":36,"column":4},"end":{"line":38,"column":5}}]},"3":{"loc":{"start":{"line":40,"column":4},"end":{"line":44,"column":5}},"type":"if","locations":[{"start":{"line":40,"column":4},"end":{"line":44,"column":5}}]},"4":{"loc":{"start":{"line":46,"column":4},"end":{"line":48,"column":5}},"type":"if","locations":[{"start":{"line":46,"column":4},"end":{"line":48,"column":5}}]},"5":{"loc":{"start":{"line":59,"column":4},"end":{"line":59,"column":52}},"type":"if","locations":[{"start":{"line":59,"column":4},"end":{"line":59,"column":52}}]},"6":{"loc":{"start":{"line":60,"column":4},"end":{"line":62,"column":5}},"type":"if","locations":[{"start":{"line":60,"column":4},"end":{"line":62,"column":5}}]},"7":{"loc":{"start":{"line":60,"column":8},"end":{"line":60,"column":69}},"type":"binary-expr","locations":[{"start":{"line":60,"column":8},"end":{"line":60,"column":41}},{"start":{"line":60,"column":45},"end":{"line":60,"column":69}}]},"8":{"loc":{"start":{"line":64,"column":4},"end":{"line":64,"column":49}},"type":"if","locations":[{"start":{"line":64,"column":4},"end":{"line":64,"column":49}}]},"9":{"loc":{"start":{"line":70,"column":4},"end":{"line":72,"column":5}},"type":"if","locations":[{"start":{"line":70,"column":4},"end":{"line":72,"column":5}}]},"10":{"loc":{"start":{"line":70,"column":8},"end":{"line":70,"column":55}},"type":"binary-expr","locations":[{"start":{"line":70,"column":8},"end":{"line":70,"column":18}},{"start":{"line":70,"column":22},"end":{"line":70,"column":55}}]},"11":{"loc":{"start":{"line":78,"column":4},"end":{"line":78,"column":52}},"type":"if","locations":[{"start":{"line":78,"column":4},"end":{"line":78,"column":52}}]},"12":{"loc":{"start":{"line":79,"column":4},"end":{"line":81,"column":5}},"type":"if","locations":[{"start":{"line":79,"column":4},"end":{"line":81,"column":5}}]},"13":{"loc":{"start":{"line":79,"column":8},"end":{"line":79,"column":69}},"type":"binary-expr","locations":[{"start":{"line":79,"column":8},"end":{"line":79,"column":41}},{"start":{"line":79,"column":45},"end":{"line":79,"column":69}}]}},"s":{"0":2,"1":2,"2":2,"3":15,"4":4,"5":4,"6":1,"7":3,"8":3,"9":1,"10":2,"11":2,"12":2,"13":5,"14":5,"15":1,"16":4,"17":1,"18":1,"19":1,"20":3,"21":3,"22":1,"23":2,"24":4,"25":4,"26":1,"27":3,"28":1,"29":2,"30":2,"31":0,"32":2,"33":2,"34":2,"35":1,"36":1,"37":4,"38":4,"39":1,"40":3,"41":1,"42":2,"43":2},"f":{"0":15,"1":4,"2":5,"3":4,"4":2,"5":4},"b":{"0":[1],"1":[1],"2":[1],"3":[1],"4":[1],"5":[1],"6":[1],"7":[3,2],"8":[0],"9":[1],"10":[2,2],"11":[1],"12":[1],"13":[3,3]}}
,"C:\\Users\\capta\\Desktop\\user_service\\user_service\\src\\utils\\errorHandler.ts": {"path":"C:\\Users\\capta\\Desktop\\user_service\\user_service\\src\\utils\\errorHandler.ts","statementMap":{"0":{"start":{"line":4,"column":0},"end":{"line":4,"column":16}},"1":{"start":{"line":10,"column":2},"end":{"line":10,"column":21}},"2":{"start":{"line":11,"column":17},"end":{"line":11,"column":52}},"3":{"start":{"line":12,"column":18},"end":{"line":12,"column":56}},"4":{"start":{"line":13,"column":2},"end":{"line":13,"column":39}}},"fnMap":{"0":{"name":"errorHandler","decl":{"start":{"line":4,"column":16},"end":{"line":4,"column":28}},"loc":{"start":{"line":8,"column":20},"end":{"line":14,"column":1}}}},"branchMap":{"0":{"loc":{"start":{"line":11,"column":17},"end":{"line":11,"column":52}},"type":"binary-expr","locations":[{"start":{"line":11,"column":17},"end":{"line":11,"column":27}},{"start":{"line":11,"column":31},"end":{"line":11,"column":45}},{"start":{"line":11,"column":49},"end":{"line":11,"column":52}}]},"1":{"loc":{"start":{"line":12,"column":18},"end":{"line":12,"column":56}},"type":"binary-expr","locations":[{"start":{"line":12,"column":18},"end":{"line":12,"column":29}},{"start":{"line":12,"column":33},"end":{"line":12,"column":56}}]}},"s":{"0":1,"1":1,"2":1,"3":1,"4":1},"f":{"0":1},"b":{"0":[1,0,0],"1":[1,0]}}
}
