TN:
SF:src\app.ts
FN:17,createApp
FNF:1
FNH:1
FNDA:1,createApp
DA:2,1
DA:3,1
DA:4,1
DA:5,1
DA:6,1
DA:7,1
DA:8,1
DA:9,1
DA:12,1
DA:13,1
DA:15,1
DA:17,1
DA:18,1
DA:20,1
DA:21,1
DA:22,1
DA:24,1
DA:25,1
DA:28,1
DA:37,1
DA:41,1
DA:42,1
DA:45,1
DA:46,1
DA:48,1
LF:25
LH:25
BRDA:35,0,0,1
BRDA:35,0,1,1
BRF:2
BRH:2
end_of_record
TN:
SF:src\prismaClient.ts
FNF:0
FNH:0
DA:1,1
DA:3,1
DA:5,1
LF:3
LH:3
BRF:0
BRH:0
end_of_record
TN:
SF:src\controllers\UserController.ts
FN:5,(anonymous_7)
FN:8,(anonymous_8)
FN:8,(anonymous_9)
FN:18,(anonymous_10)
FN:18,(anonymous_11)
FN:31,(anonymous_12)
FN:31,(anonymous_13)
FN:46,(anonymous_14)
FN:46,(anonymous_15)
FN:57,(anonymous_16)
FN:57,(anonymous_17)
FNF:11
FNH:9
FNDA:1,(anonymous_7)
FNDA:1,(anonymous_8)
FNDA:1,(anonymous_9)
FNDA:2,(anonymous_10)
FNDA:2,(anonymous_11)
FNDA:1,(anonymous_12)
FNDA:1,(anonymous_13)
FNDA:0,(anonymous_14)
FNDA:0,(anonymous_15)
FNDA:1,(anonymous_16)
FNDA:1,(anonymous_17)
DA:4,1
DA:5,1
DA:8,1
DA:9,1
DA:10,1
DA:11,1
DA:13,0
DA:18,2
DA:19,2
DA:20,2
DA:24,1
DA:26,1
DA:31,1
DA:32,1
DA:34,1
DA:35,1
DA:39,1
DA:41,0
DA:46,1
DA:47,0
DA:48,0
DA:49,0
DA:50,0
DA:52,0
DA:57,1
DA:58,1
DA:59,1
DA:60,1
DA:61,1
DA:63,0
LF:30
LH:22
BRF:0
BRH:0
end_of_record
TN:
SF:src\dto\LoginDto.ts
FNF:0
FNH:0
DA:1,1
DA:3,1
DA:5,1
DA:8,1
LF:4
LH:4
BRF:0
BRH:0
end_of_record
TN:
SF:src\dto\RegisterDto.ts
FNF:0
FNH:0
DA:2,1
DA:3,1
DA:5,1
DA:7,1
DA:10,1
DA:13,1
DA:16,1
DA:20,1
LF:8
LH:8
BRF:0
BRH:0
end_of_record
TN:
SF:src\entities\User.ts
FN:3,(anonymous_0)
FN:8,(anonymous_1)
FNF:2
FNH:2
FNDA:2,(anonymous_0)
FNDA:2,(anonymous_1)
DA:3,2
DA:4,2
DA:5,2
DA:8,2
DA:9,2
DA:10,2
LF:6
LH:6
BRDA:3,0,0,2
BRDA:3,0,1,2
BRDA:8,1,0,2
BRDA:8,1,1,2
BRF:4
BRH:4
end_of_record
TN:
SF:src\middlewares\adminMiddleware.ts
FN:4,adminMiddleware
FNF:1
FNH:0
FNDA:0,adminMiddleware
DA:4,1
DA:6,0
DA:7,0
DA:8,0
DA:10,0
LF:5
LH:1
BRDA:7,0,0,0
BRDA:7,1,0,0
BRDA:7,1,1,0
BRF:3
BRH:0
end_of_record
TN:
SF:src\middlewares\authMiddleware.ts
FN:5,authMiddleware
FNF:1
FNH:1
FNDA:2,authMiddleware
DA:3,1
DA:5,1
DA:6,2
DA:7,2
DA:8,0
DA:10,2
DA:11,2
DA:12,0
DA:15,2
DA:16,2
DA:17,2
DA:19,2
DA:20,2
DA:22,0
LF:14
LH:11
BRDA:7,0,0,0
BRDA:11,1,0,0
BRDA:11,2,0,2
BRDA:11,2,1,2
BRF:4
BRH:2
end_of_record
TN:
SF:src\middlewares\validate.ts
FN:9,validateDto
FN:10,(anonymous_8)
FN:10,(anonymous_9)
FN:23,(anonymous_10)
FNF:4
FNH:3
FNDA:2,validateDto
FNDA:3,(anonymous_8)
FNDA:3,(anonymous_9)
FNDA:0,(anonymous_10)
DA:1,1
DA:2,1
DA:9,1
DA:10,3
DA:12,3
DA:14,3
DA:20,3
DA:22,0
DA:23,0
DA:25,0
DA:29,3
DA:30,3
LF:12
LH:9
BRDA:20,0,0,0
BRDA:23,1,0,0
BRDA:23,1,1,0
BRF:3
BRH:0
end_of_record
TN:
SF:src\repositories\PrismaUserRepository.ts
FN:7,(anonymous_8)
FN:27,(anonymous_10)
FN:31,(anonymous_12)
FN:35,(anonymous_14)
FN:39,(anonymous_16)
FNF:5
FNH:4
FNDA:1,(anonymous_8)
FNDA:3,(anonymous_10)
FNDA:3,(anonymous_12)
FNDA:0,(anonymous_14)
FNDA:1,(anonymous_16)
DA:1,1
DA:6,1
DA:15,1
DA:28,3
DA:32,3
DA:36,0
DA:40,1
LF:7
LH:6
BRF:0
BRH:0
end_of_record
TN:
SF:src\routes\userRoutes.ts
FN:54,userRouter
FNF:1
FNH:1
FNDA:1,userRouter
DA:2,1
DA:4,1
DA:5,1
DA:6,1
DA:7,1
DA:8,1
DA:54,1
DA:55,1
DA:76,1
DA:107,1
DA:135,1
DA:154,1
DA:180,1
DA:182,1
LF:14
LH:14
BRF:0
BRH:0
end_of_record
TN:
SF:src\services\UserService.ts
FN:9,(anonymous_8)
FN:11,(anonymous_9)
FN:34,(anonymous_11)
FN:57,(anonymous_13)
FN:68,(anonymous_15)
FN:76,(anonymous_17)
FNF:6
FNH:6
FNDA:15,(anonymous_8)
FNDA:4,(anonymous_9)
FNDA:5,(anonymous_11)
FNDA:4,(anonymous_13)
FNDA:2,(anonymous_15)
FNDA:4,(anonymous_17)
DA:3,2
DA:4,2
DA:5,2
DA:8,2
DA:9,15
DA:12,4
DA:13,4
DA:14,1
DA:17,3
DA:18,3
DA:19,1
DA:22,2
DA:23,2
DA:31,2
DA:35,5
DA:36,5
DA:37,1
DA:40,4
DA:41,1
DA:42,1
DA:43,1
DA:45,3
DA:46,3
DA:47,1
DA:49,2
DA:58,4
DA:59,4
DA:60,3
DA:61,1
DA:63,2
DA:64,2
DA:65,2
DA:69,2
DA:70,2
DA:71,1
DA:73,1
DA:77,4
DA:78,4
DA:79,3
DA:80,1
DA:82,2
LF:41
LH:41
BRDA:13,0,0,1
BRDA:18,1,0,1
BRDA:36,2,0,1
BRDA:40,3,0,1
BRDA:46,4,0,1
BRDA:59,5,0,1
BRDA:60,6,0,1
BRDA:60,7,0,3
BRDA:60,7,1,2
BRDA:64,8,0,0
BRDA:70,9,0,1
BRDA:70,10,0,2
BRDA:70,10,1,2
BRDA:78,11,0,1
BRDA:79,12,0,1
BRDA:79,13,0,3
BRDA:79,13,1,3
BRF:17
BRH:16
end_of_record
TN:
SF:src\utils\errorHandler.ts
FN:4,errorHandler
FNF:1
FNH:1
FNDA:1,errorHandler
DA:4,1
DA:10,1
DA:11,1
DA:12,1
DA:13,1
LF:5
LH:5
BRDA:11,0,0,1
BRDA:11,0,1,0
BRDA:11,0,2,0
BRDA:12,1,0,1
BRDA:12,1,1,0
BRF:5
BRH:2
end_of_record
